<?xml version="1.0" encoding="UTF-8"?>
<!-- Generated by org.testng.reporters.JUnitXMLReporter -->
<testsuite ignored="0" hostname="HP" failures="0" tests="4" name="Default test" time="28.324" errors="0" timestamp="2023-06-13T22:29:27 IST">
  <testcase classname="api.testcases.UserTestDataDriven" name="testPostUser" time="22.72"/>
  <testcase classname="api.testcases.UserTestDataDriven" name="testGetUserByName" time="1.385"/>
  <testcase classname="api.testcases.UserTestDataDriven" name="testUpdateUserByName" time="2.599"/>
  <testcase classname="api.testcases.UserTestDataDriven" name="testDeleteUserByName" time="1.252"/>
</testsuite> <!-- Default test -->
