<?xml version="1.0" encoding="UTF-8"?>
<!-- Generated by org.testng.reporters.JUnitXMLReporter -->
<testsuite ignored="0" hostname="HP" failures="0" tests="4" name="ApiChainingTest" time="23.683" errors="0" timestamp="2023-06-13T22:37:36 IST">
  <testcase classname="api.testcases.UserTests" name="testPostUser" time="14.32"/>
  <testcase classname="api.testcases.UserTests" name="testGetUserByName" time="1.528"/>
  <testcase classname="api.testcases.UserTests" name="testUpdateUserByName" time="2.586"/>
  <testcase classname="api.testcases.UserTests" name="testDeleteUserByName" time="1.224"/>
</testsuite> <!-- ApiChainingTest -->
