<?xml version="1.0" encoding="UTF-8"?>
<!-- Generated by org.testng.reporters.JUnitXMLReporter -->
<testsuite ignored="0" hostname="HP" failures="0" tests="4" name="ApiChainingDDTest" time="18.116" errors="0" timestamp="2023-06-13T22:38:48 IST">
  <testcase classname="api.testcases.UserTestDataDriven" name="testPostUser" time="10.748"/>
  <testcase classname="api.testcases.UserTestDataDriven" name="testGetUserByName" time="1.751"/>
  <testcase classname="api.testcases.UserTestDataDriven" name="testUpdateUserByName" time="2.719"/>
  <testcase classname="api.testcases.UserTestDataDriven" name="testDeleteUserByName" time="1.312"/>
</testsuite> <!-- ApiChainingDDTest -->
