<?xml version="1.0" encoding="UTF-8"?>
<testng-results ignored="0" total="4" passed="4" failed="0" skipped="0">
  <reporter-output>
    <line>
      <![CDATA[Execution is started]]>
    </line>
    <line>
      <![CDATA[Test Case started is testPostUser]]>
    </line>
    <line>
      <![CDATA[Test case passed is testPostUser]]>
    </line>
    <line>
      <![CDATA[Test Case started is testGetUserByName]]>
    </line>
    <line>
      <![CDATA[Test case passed is testGetUserByName]]>
    </line>
    <line>
      <![CDATA[Test Case started is testUpdateUserByName]]>
    </line>
    <line>
      <![CDATA[Test case passed is testUpdateUserByName]]>
    </line>
    <line>
      <![CDATA[Test Case started is testDeleteUserByName]]>
    </line>
    <line>
      <![CDATA[Test case passed is testDeleteUserByName]]>
    </line>
  </reporter-output>
  <suite started-at="2023-06-13T22:38:29 IST" name="AutomationSuite" finished-at="2023-06-13T22:38:47 IST" duration-ms="18116">
    <groups>
    </groups>
    <test started-at="2023-06-13T22:38:29 IST" name="ApiChainingDDTest" finished-at="2023-06-13T22:38:47 IST" duration-ms="18116">
      <class name="api.testcases.UserTestDataDriven">
        <test-method signature="testPostUser(java.util.Map)[pri:1, instance:api.testcases.UserTestDataDriven@52719fb6]" started-at="2023-06-13T22:38:30 IST" name="testPostUser" data-provider="UserData" finished-at="2023-06-13T22:38:41 IST" duration-ms="10748" status="PASS">
          <params>
            <param index="0">
              <value>
                <![CDATA[{firstName=Dummy, lastName=Name, password=2ASD@1234, phone=123456789, id=0, email=dummy@gamil.com, username=DummyName}]]>
              </value>
            </param>
          </params>
          <reporter-output>
            <line>
              <![CDATA[Test Case started is testPostUser]]>
            </line>
            <line>
              <![CDATA[Test case passed is testPostUser]]>
            </line>
          </reporter-output>
        </test-method> <!-- testPostUser -->
        <test-method signature="testGetUserByName(java.util.Map)[pri:2, instance:api.testcases.UserTestDataDriven@52719fb6]" started-at="2023-06-13T22:38:41 IST" name="testGetUserByName" data-provider="UserUpdateData" finished-at="2023-06-13T22:38:43 IST" duration-ms="1751" status="PASS">
          <params>
            <param index="0">
              <value>
                <![CDATA[{firstName=UpdatedFirstName, lastName=UpdatedLastName, password=2ASD@1234, phone=123456789, id=0, email=updated_Email@gamil.com, username=DummyName}]]>
              </value>
            </param>
          </params>
          <reporter-output>
            <line>
              <![CDATA[Test Case started is testGetUserByName]]>
            </line>
            <line>
              <![CDATA[Test case passed is testGetUserByName]]>
            </line>
          </reporter-output>
        </test-method> <!-- testGetUserByName -->
        <test-method signature="testUpdateUserByName(java.util.Map)[pri:3, instance:api.testcases.UserTestDataDriven@52719fb6]" started-at="2023-06-13T22:38:43 IST" name="testUpdateUserByName" data-provider="UserUpdateData" finished-at="2023-06-13T22:38:46 IST" duration-ms="2719" status="PASS">
          <params>
            <param index="0">
              <value>
                <![CDATA[{firstName=UpdatedFirstName, lastName=UpdatedLastName, password=2ASD@1234, phone=123456789, id=0, email=updated_Email@gamil.com, username=DummyName}]]>
              </value>
            </param>
          </params>
          <reporter-output>
            <line>
              <![CDATA[Test Case started is testUpdateUserByName]]>
            </line>
            <line>
              <![CDATA[Test case passed is testUpdateUserByName]]>
            </line>
          </reporter-output>
        </test-method> <!-- testUpdateUserByName -->
        <test-method signature="testDeleteUserByName(java.util.Map)[pri:4, instance:api.testcases.UserTestDataDriven@52719fb6]" started-at="2023-06-13T22:38:46 IST" name="testDeleteUserByName" data-provider="UserUpdateData" finished-at="2023-06-13T22:38:47 IST" duration-ms="1312" status="PASS">
          <params>
            <param index="0">
              <value>
                <![CDATA[{firstName=UpdatedFirstName, lastName=UpdatedLastName, password=2ASD@1234, phone=123456789, id=0, email=updated_Email@gamil.com, username=DummyName}]]>
              </value>
            </param>
          </params>
          <reporter-output>
            <line>
              <![CDATA[Test Case started is testDeleteUserByName]]>
            </line>
            <line>
              <![CDATA[Test case passed is testDeleteUserByName]]>
            </line>
          </reporter-output>
        </test-method> <!-- testDeleteUserByName -->
      </class> <!-- api.testcases.UserTestDataDriven -->
    </test> <!-- ApiChainingDDTest -->
  </suite> <!-- AutomationSuite -->
</testng-results>
